Using pre-set license
Built from '2020.3/staging' branch; Version is '2020.3.19f1 (68f137dc9bbe) revision 6877495'; Using compiler version '192528614'; Build Type 'Release'
OS: 'Windows 10 Home; OS build 18363.1556; Version 1909; 64bit' Language: 'es' Physical Memory: 8090 MB
BatchMode: 1, IsHumanControllingUs: 0, StartBugReporterOnCrash: 0, Is64bit: 1, IsPro: 0

COMMAND LINE ARGUMENTS:
C:\Program Files\Unity\Hub\Editor\2020.3.19f1\Editor\Unity.exe
-adb2
-batchMode
-noUpm
-name
AssetImportWorker0
-projectPath
C:/Users/Rowen/Documents/GitHub/Proyecto-Final-3ev/Proyecto Final 3 ev
-logFile
Logs/AssetImportWorker0.log
-srvPort
55359
Successfully changed project path to: C:/Users/Rowen/Documents/GitHub/Proyecto-Final-3ev/Proyecto Final 3 ev
C:/Users/Rowen/Documents/GitHub/Proyecto-Final-3ev/Proyecto Final 3 ev
Using Asset Import Pipeline V2.
Refreshing native plugins compatible for Editor in 40.52 ms, found 2 plugins.
Preloading 0 native plugins for Editor in 0.00 ms.
Initialize engine version: 2020.3.19f1 (68f137dc9bbe)
[Subsystems] Discovering subsystems at path C:/Program Files/Unity/Hub/Editor/2020.3.19f1/Editor/Data/Resources/UnitySubsystems
[Subsystems] Discovering subsystems at path C:/Users/Rowen/Documents/GitHub/Proyecto-Final-3ev/Proyecto Final 3 ev/Assets
GfxDevice: creating device client; threaded=0
Direct3D:
    Version:  Direct3D 11.0 [level 11.0]
    Renderer: NVIDIA GeForce GTX 960M (ID=0x139b)
    Vendor:   
    VRAM:     2010 MB
    Driver:   30.0.15.1179
Initialize mono
Mono path[0] = 'C:/Program Files/Unity/Hub/Editor/2020.3.19f1/Editor/Data/Managed'
Mono path[1] = 'C:/Program Files/Unity/Hub/Editor/2020.3.19f1/Editor/Data/MonoBleedingEdge/lib/mono/unityjit'
Mono config path = 'C:/Program Files/Unity/Hub/Editor/2020.3.19f1/Editor/Data/MonoBleedingEdge/etc'
Using monoOptions --debugger-agent=transport=dt_socket,embedding=1,server=y,suspend=n,address=127.0.0.1:56364
Begin MonoManager ReloadAssembly
Registering precompiled unity dll's ...
Register platform support module: C:/Program Files/Unity/Hub/Editor/2020.3.19f1/Editor/Data/PlaybackEngines/WindowsStandaloneSupport/UnityEditor.WindowsStandalone.Extensions.dll
Registered in 0.003602 seconds.
Native extension for WindowsStandalone target not found
Refreshing native plugins compatible for Editor in 32.89 ms, found 2 plugins.
Preloading 0 native plugins for Editor in 0.00 ms.
Mono: successfully reloaded assembly
- Completed reload, in  1.517 seconds
Domain Reload Profiling:
	ReloadAssembly (1517ms)
		BeginReloadAssembly (84ms)
			ExecutionOrderSort (0ms)
			DisableScriptedObjects (0ms)
			BackupInstance (0ms)
			ReleaseScriptingObjects (0ms)
			CreateAndSetChildDomain (1ms)
		EndReloadAssembly (515ms)
			LoadAssemblies (80ms)
			RebuildTransferFunctionScriptingTraits (0ms)
			SetupTypeCache (192ms)
			ReleaseScriptCaches (0ms)
			RebuildScriptCaches (44ms)
			SetupLoadedEditorAssemblies (180ms)
				LogAssemblyErrors (0ms)
				InitializePlatformSupportModulesInManaged (5ms)
				SetLoadedEditorAssemblies (0ms)
				RefreshPlugins (33ms)
				BeforeProcessingInitializeOnLoad (10ms)
				ProcessInitializeOnLoadAttributes (98ms)
				ProcessInitializeOnLoadMethodAttributes (33ms)
				AfterProcessingInitializeOnLoad (0ms)
				EditorAssembliesLoaded (0ms)
			ExecutionOrderSort2 (0ms)
			AwakeInstancesAfterBackupRestoration (0ms)
Platform modules already initialized, skipping
Registering precompiled user dll's ...
Registered in 0.006547 seconds.
Begin MonoManager ReloadAssembly
Native extension for WindowsStandalone target not found
Refreshing native plugins compatible for Editor in 0.31 ms, found 2 plugins.
Preloading 0 native plugins for Editor in 0.00 ms.
Mono: successfully reloaded assembly
- Completed reload, in  1.295 seconds
Domain Reload Profiling:
	ReloadAssembly (1296ms)
		BeginReloadAssembly (204ms)
			ExecutionOrderSort (0ms)
			DisableScriptedObjects (5ms)
			BackupInstance (0ms)
			ReleaseScriptingObjects (0ms)
			CreateAndSetChildDomain (30ms)
		EndReloadAssembly (1015ms)
			LoadAssemblies (104ms)
			RebuildTransferFunctionScriptingTraits (0ms)
			SetupTypeCache (355ms)
			ReleaseScriptCaches (0ms)
			RebuildScriptCaches (50ms)
			SetupLoadedEditorAssemblies (391ms)
				LogAssemblyErrors (0ms)
				InitializePlatformSupportModulesInManaged (6ms)
				SetLoadedEditorAssemblies (0ms)
				RefreshPlugins (0ms)
				BeforeProcessingInitializeOnLoad (75ms)
				ProcessInitializeOnLoadAttributes (292ms)
				ProcessInitializeOnLoadMethodAttributes (5ms)
				AfterProcessingInitializeOnLoad (11ms)
				EditorAssembliesLoaded (0ms)
			ExecutionOrderSort2 (0ms)
			AwakeInstancesAfterBackupRestoration (9ms)
Platform modules already initialized, skipping
========================================================================
Worker process is ready to serve import requests
Launched and connected shader compiler UnityShaderCompiler.exe after 0.16 seconds
Refreshing native plugins compatible for Editor in 0.34 ms, found 2 plugins.
Preloading 0 native plugins for Editor in 0.00 ms.
Unloading 1402 Unused Serialized files (Serialized files now loaded: 0)
System memory in use before: 65.0 MB.
System memory in use after: 65.1 MB.

Unloading 16 unused Assets to reduce memory usage. Loaded Objects now: 1837.
Total: 4.926500 ms (FindLiveObjects: 0.159500 ms CreateObjectMapping: 0.043800 ms MarkObjects: 4.610100 ms  DeleteObjects: 0.111500 ms)

AssetImportParameters requested are different than current active one (requested -> active):
  custom:framework-win-MediaFoundation: 216162199b28c13a410421893ffa2e32 -> 
  custom:video-decoder-ogg-theora: a1e56fd34408186e4bbccfd4996cb3dc -> 
  custom:container-muxer-webm: aa71ff27fc2769a1b78a27578f13a17b -> 
  custom:container-demuxer-webm: 4f35f7cbe854078d1ac9338744f61a02 -> 
  custom:container-demuxer-ogg: 62fdf1f143b41e24485cea50d1cbac27 -> 
  custom:video-encoder-webm-vp8: eb34c28f22e8b96e1ab97ce403110664 -> 
  custom:video-codec-MediaFoundation-h265: 746d11721c4dcdbdad8f713fa42b33f4 -> 
  custom:video-decoder-webm-vp8: 9c59270c3fd7afecdb556c50c9e8de78 -> 
  custom:audio-decoder-ogg-vorbis: bf7c407c2cedff20999df2af8eb42d56 -> 
  custom:audio-encoder-webm-vorbis: bf7c407c2cedff20999df2af8eb42d56 -> 
========================================================================
Received Import Request.
  path: Assets/Scenes
  artifactKey: Guid(84a51741e60332c4ebb3fe24845c197a) Importer(815301076,1909f56bfc062723c751e8b465ee728b)
Start importing Assets/Scenes using Guid(84a51741e60332c4ebb3fe24845c197a) Importer(815301076,1909f56bfc062723c751e8b465ee728b)  -> (artifact id: '8ddedf49802ec8f50f5af89b46bbe06a') in 0.010767 seconds 
  Import took 0.013829 seconds .

========================================================================
Received Import Request.
  Time since last request: 0.000375 seconds.
  path: Assets/Materials/Moneda.mat
  artifactKey: Guid(4ea8f7da97d58f845b517302839ec0d6) Importer(815301076,1909f56bfc062723c751e8b465ee728b)
Start importing Assets/Materials/Moneda.mat using Guid(4ea8f7da97d58f845b517302839ec0d6) Importer(815301076,1909f56bfc062723c751e8b465ee728b)  -> (artifact id: '13affa15571ed35ed5bf72ee8c51f703') in 0.300592 seconds 
  Import took 0.303855 seconds .

========================================================================
Received Import Request.
  Time since last request: 0.000304 seconds.
  path: Assets/Materials/Floor.mat
  artifactKey: Guid(fffd498825d1573439ca9325966e192d) Importer(815301076,1909f56bfc062723c751e8b465ee728b)
Start importing Assets/Materials/Floor.mat using Guid(fffd498825d1573439ca9325966e192d) Importer(815301076,1909f56bfc062723c751e8b465ee728b)  -> (artifact id: '0ac5f0859e01914d621a9a8441fdfe5a') in 0.025649 seconds 
  Import took 0.029941 seconds .

========================================================================
Received Import Request.
  Time since last request: 0.000437 seconds.
  path: Assets/Prefabs/Player.prefab
  artifactKey: Guid(4054d9b7598697e4fa8f67267a872f23) Importer(815301076,1909f56bfc062723c751e8b465ee728b)
Start importing Assets/Prefabs/Player.prefab using Guid(4054d9b7598697e4fa8f67267a872f23) Importer(815301076,1909f56bfc062723c751e8b465ee728b)  -> (artifact id: '11d106df36988b4e4d9d1d04d73cc617') in 0.090316 seconds 
  Import took 0.094590 seconds .

========================================================================
Received Import Request.
  Time since last request: 0.000363 seconds.
  path: Assets/Prefabs/Sphere.prefab
  artifactKey: Guid(a67d45a85aed34749988c252509e821e) Importer(815301076,1909f56bfc062723c751e8b465ee728b)
Start importing Assets/Prefabs/Sphere.prefab using Guid(a67d45a85aed34749988c252509e821e) Importer(815301076,1909f56bfc062723c751e8b465ee728b)  -> (artifact id: 'e4d2d114926b8f42e07339f921ab1435') in 0.022160 seconds 
  Import took 0.025045 seconds .

========================================================================
Received Import Request.
  Time since last request: 0.000362 seconds.
  path: Assets/Materials/Heart.mat
  artifactKey: Guid(5a6bd1af0e6c3e8428e551b5bd041851) Importer(815301076,1909f56bfc062723c751e8b465ee728b)
Start importing Assets/Materials/Heart.mat using Guid(5a6bd1af0e6c3e8428e551b5bd041851) Importer(815301076,1909f56bfc062723c751e8b465ee728b)  -> (artifact id: 'd0b8f3ca3b357c3349e3110f86cbd29b') in 0.026218 seconds 
  Import took 0.031065 seconds .

========================================================================
Received Import Request.
  Time since last request: 0.000324 seconds.
  path: Assets/Materials/Proyectil.mat
  artifactKey: Guid(4429be41dd5f42741aeb51b63cc9c789) Importer(815301076,1909f56bfc062723c751e8b465ee728b)
Start importing Assets/Materials/Proyectil.mat using Guid(4429be41dd5f42741aeb51b63cc9c789) Importer(815301076,1909f56bfc062723c751e8b465ee728b)  -> (artifact id: '7ffcb6bd3f05815e19ead44e59a5311d') in 0.024033 seconds 
  Import took 0.029720 seconds .

========================================================================
Received Import Request.
  Time since last request: 0.000416 seconds.
  path: Assets/Materials/Door.mat
  artifactKey: Guid(bf66287891286394abe39328dbc34908) Importer(815301076,1909f56bfc062723c751e8b465ee728b)
Start importing Assets/Materials/Door.mat using Guid(bf66287891286394abe39328dbc34908) Importer(815301076,1909f56bfc062723c751e8b465ee728b)  -> (artifact id: '336359bf07f81549ca478c899d22a8da') in 0.026966 seconds 
  Import took 0.032815 seconds .

========================================================================
Received Import Request.
  Time since last request: 0.000383 seconds.
  path: Assets/Scenes/Escena 2.unity
  artifactKey: Guid(d75cc8b20e0e60a4e9b4ce274ba44249) Importer(815301076,1909f56bfc062723c751e8b465ee728b)
Start importing Assets/Scenes/Escena 2.unity using Guid(d75cc8b20e0e60a4e9b4ce274ba44249) Importer(815301076,1909f56bfc062723c751e8b465ee728b)  -> (artifact id: '2a9125cb0947944dc45e44bd352b8842') in 0.013697 seconds 
  Import took 0.017930 seconds .

========================================================================
Received Import Request.
  Time since last request: 0.000414 seconds.
  path: Assets/Prefabs/Heart.prefab
  artifactKey: Guid(d776c556074c6034b9dc008f1b64d398) Importer(815301076,1909f56bfc062723c751e8b465ee728b)
Start importing Assets/Prefabs/Heart.prefab using Guid(d776c556074c6034b9dc008f1b64d398) Importer(815301076,1909f56bfc062723c751e8b465ee728b)  -> (artifact id: '887fd6d4a54220b7c9fbcf0f03d1510f') in 0.023751 seconds 
  Import took 0.027143 seconds .

========================================================================
Received Import Request.
  Time since last request: 0.000355 seconds.
  path: Assets/Prefabs/Enemy.prefab
  artifactKey: Guid(9c6d0cbf2114fa046875503359ab44cb) Importer(815301076,1909f56bfc062723c751e8b465ee728b)
Start importing Assets/Prefabs/Enemy.prefab using Guid(9c6d0cbf2114fa046875503359ab44cb) Importer(815301076,1909f56bfc062723c751e8b465ee728b)  -> (artifact id: '1b1aff420b2071e133acefaba0dcfbab') in 0.022796 seconds 
  Import took 0.028468 seconds .

========================================================================
Received Import Request.
  Time since last request: 0.000675 seconds.
  path: Assets/Prefabs/Coin.prefab
  artifactKey: Guid(887bda80502ebd447adf003d7935132d) Importer(815301076,1909f56bfc062723c751e8b465ee728b)
Start importing Assets/Prefabs/Coin.prefab using Guid(887bda80502ebd447adf003d7935132d) Importer(815301076,1909f56bfc062723c751e8b465ee728b)  -> (artifact id: 'fbee422b774cfccb54d21f50806e6c5d') in 0.025392 seconds 
  Import took 0.029347 seconds .

========================================================================
Received Import Request.
  Time since last request: 0.000377 seconds.
  path: Assets/Materials/Player.mat
  artifactKey: Guid(3190bfa794175c24199bfbc4ef601b0f) Importer(815301076,1909f56bfc062723c751e8b465ee728b)
Start importing Assets/Materials/Player.mat using Guid(3190bfa794175c24199bfbc4ef601b0f) Importer(815301076,1909f56bfc062723c751e8b465ee728b)  -> (artifact id: 'bf4581c95bf1dc89a9ccf677913f57a6') in 0.023076 seconds 
  Import took 0.027983 seconds .

========================================================================
Received Import Request.
  Time since last request: 0.000629 seconds.
  path: Assets/Materials/Enemy.mat
  artifactKey: Guid(a3c567111588398488d5497497dd8b0b) Importer(815301076,1909f56bfc062723c751e8b465ee728b)
Start importing Assets/Materials/Enemy.mat using Guid(a3c567111588398488d5497497dd8b0b) Importer(815301076,1909f56bfc062723c751e8b465ee728b)  -> (artifact id: 'a58d1af573943d6936fccc44e0ff5d3a') in 0.019969 seconds 
  Import took 0.025419 seconds .

========================================================================
Received Prepare
Registering precompiled user dll's ...
Registered in 0.005878 seconds.
Begin MonoManager ReloadAssembly
Native extension for WindowsStandalone target not found
Refreshing native plugins compatible for Editor in 0.31 ms, found 2 plugins.
Preloading 0 native plugins for Editor in 0.00 ms.
Mono: successfully reloaded assembly
- Completed reload, in  1.233 seconds
Domain Reload Profiling:
	ReloadAssembly (1233ms)
		BeginReloadAssembly (140ms)
			ExecutionOrderSort (0ms)
			DisableScriptedObjects (5ms)
			BackupInstance (0ms)
			ReleaseScriptingObjects (0ms)
			CreateAndSetChildDomain (36ms)
		EndReloadAssembly (985ms)
			LoadAssemblies (134ms)
			RebuildTransferFunctionScriptingTraits (0ms)
			SetupTypeCache (305ms)
			ReleaseScriptCaches (1ms)
			RebuildScriptCaches (40ms)
			SetupLoadedEditorAssemblies (416ms)
				LogAssemblyErrors (0ms)
				InitializePlatformSupportModulesInManaged (6ms)
				SetLoadedEditorAssemblies (1ms)
				RefreshPlugins (0ms)
				BeforeProcessingInitializeOnLoad (73ms)
				ProcessInitializeOnLoadAttributes (319ms)
				ProcessInitializeOnLoadMethodAttributes (4ms)
				AfterProcessingInitializeOnLoad (12ms)
				EditorAssembliesLoaded (0ms)
			ExecutionOrderSort2 (0ms)
			AwakeInstancesAfterBackupRestoration (9ms)
Platform modules already initialized, skipping
Refreshing native plugins compatible for Editor in 0.31 ms, found 2 plugins.
Preloading 0 native plugins for Editor in 0.00 ms.
Unloading 1396 Unused Serialized files (Serialized files now loaded: 0)
System memory in use before: 68.3 MB.
System memory in use after: 68.4 MB.

Unloading 11 unused Assets to reduce memory usage. Loaded Objects now: 1883.
Total: 3.607400 ms (FindLiveObjects: 0.161500 ms CreateObjectMapping: 0.049900 ms MarkObjects: 3.374000 ms  DeleteObjects: 0.018800 ms)

AssetImportParameters requested are different than current active one (requested -> active):
  custom:framework-win-MediaFoundation: 216162199b28c13a410421893ffa2e32 -> 
  custom:video-decoder-ogg-theora: a1e56fd34408186e4bbccfd4996cb3dc -> 
  custom:container-muxer-webm: aa71ff27fc2769a1b78a27578f13a17b -> 
  custom:container-demuxer-webm: 4f35f7cbe854078d1ac9338744f61a02 -> 
  custom:container-demuxer-ogg: 62fdf1f143b41e24485cea50d1cbac27 -> 
  custom:video-encoder-webm-vp8: eb34c28f22e8b96e1ab97ce403110664 -> 
  custom:video-codec-MediaFoundation-h265: 746d11721c4dcdbdad8f713fa42b33f4 -> 
  custom:video-decoder-webm-vp8: 9c59270c3fd7afecdb556c50c9e8de78 -> 
  custom:audio-decoder-ogg-vorbis: bf7c407c2cedff20999df2af8eb42d56 -> 
  custom:audio-encoder-webm-vorbis: bf7c407c2cedff20999df2af8eb42d56 -> 
========================================================================
Received Prepare
Registering precompiled user dll's ...
Registered in 0.005014 seconds.
Begin MonoManager ReloadAssembly
Native extension for WindowsStandalone target not found
Refreshing native plugins compatible for Editor in 0.61 ms, found 2 plugins.
Preloading 0 native plugins for Editor in 0.00 ms.
Mono: successfully reloaded assembly
- Completed reload, in  1.495 seconds
Domain Reload Profiling:
	ReloadAssembly (1495ms)
		BeginReloadAssembly (199ms)
			ExecutionOrderSort (0ms)
			DisableScriptedObjects (11ms)
			BackupInstance (0ms)
			ReleaseScriptingObjects (0ms)
			CreateAndSetChildDomain (66ms)
		EndReloadAssembly (1199ms)
			LoadAssemblies (152ms)
			RebuildTransferFunctionScriptingTraits (0ms)
			SetupTypeCache (371ms)
			ReleaseScriptCaches (1ms)
			RebuildScriptCaches (54ms)
			SetupLoadedEditorAssemblies (499ms)
				LogAssemblyErrors (0ms)
				InitializePlatformSupportModulesInManaged (8ms)
				SetLoadedEditorAssemblies (1ms)
				RefreshPlugins (1ms)
				BeforeProcessingInitializeOnLoad (72ms)
				ProcessInitializeOnLoadAttributes (397ms)
				ProcessInitializeOnLoadMethodAttributes (7ms)
				AfterProcessingInitializeOnLoad (13ms)
				EditorAssembliesLoaded (0ms)
			ExecutionOrderSort2 (0ms)
			AwakeInstancesAfterBackupRestoration (8ms)
Platform modules already initialized, skipping
Refreshing native plugins compatible for Editor in 0.33 ms, found 2 plugins.
Preloading 0 native plugins for Editor in 0.00 ms.
Unloading 1396 Unused Serialized files (Serialized files now loaded: 0)
System memory in use before: 68.3 MB.
System memory in use after: 68.4 MB.

Unloading 11 unused Assets to reduce memory usage. Loaded Objects now: 1885.
Total: 3.800800 ms (FindLiveObjects: 0.150600 ms CreateObjectMapping: 0.047400 ms MarkObjects: 3.585000 ms  DeleteObjects: 0.016400 ms)

AssetImportParameters requested are different than current active one (requested -> active):
  custom:framework-win-MediaFoundation: 216162199b28c13a410421893ffa2e32 -> 
  custom:video-decoder-ogg-theora: a1e56fd34408186e4bbccfd4996cb3dc -> 
  custom:container-muxer-webm: aa71ff27fc2769a1b78a27578f13a17b -> 
  custom:container-demuxer-webm: 4f35f7cbe854078d1ac9338744f61a02 -> 
  custom:container-demuxer-ogg: 62fdf1f143b41e24485cea50d1cbac27 -> 
  custom:video-encoder-webm-vp8: eb34c28f22e8b96e1ab97ce403110664 -> 
  custom:video-codec-MediaFoundation-h265: 746d11721c4dcdbdad8f713fa42b33f4 -> 
  custom:video-decoder-webm-vp8: 9c59270c3fd7afecdb556c50c9e8de78 -> 
  custom:audio-decoder-ogg-vorbis: bf7c407c2cedff20999df2af8eb42d56 -> 
  custom:audio-encoder-webm-vorbis: bf7c407c2cedff20999df2af8eb42d56 -> 
========================================================================
Received Import Request.
  Time since last request: 155.806053 seconds.
  path: Assets/Scenes/Escena 1.unity
  artifactKey: Guid(055360294b7540946bbfca5f9378ee74) Importer(815301076,1909f56bfc062723c751e8b465ee728b)
Start importing Assets/Scenes/Escena 1.unity using Guid(055360294b7540946bbfca5f9378ee74) Importer(815301076,1909f56bfc062723c751e8b465ee728b)  -> (artifact id: '738a449167a07a6b710823cccd525cbe') in 0.025550 seconds 
  Import took 0.029005 seconds .

========================================================================
Received Prepare
Registering precompiled user dll's ...
Registered in 0.005520 seconds.
Begin MonoManager ReloadAssembly
Native extension for WindowsStandalone target not found
Refreshing native plugins compatible for Editor in 0.30 ms, found 2 plugins.
Preloading 0 native plugins for Editor in 0.00 ms.
Mono: successfully reloaded assembly
- Completed reload, in  1.110 seconds
Domain Reload Profiling:
	ReloadAssembly (1111ms)
		BeginReloadAssembly (132ms)
			ExecutionOrderSort (0ms)
			DisableScriptedObjects (6ms)
			BackupInstance (0ms)
			ReleaseScriptingObjects (0ms)
			CreateAndSetChildDomain (37ms)
		EndReloadAssembly (898ms)
			LoadAssemblies (113ms)
			RebuildTransferFunctionScriptingTraits (0ms)
			SetupTypeCache (309ms)
			ReleaseScriptCaches (1ms)
			RebuildScriptCaches (48ms)
			SetupLoadedEditorAssemblies (318ms)
				LogAssemblyErrors (0ms)
				InitializePlatformSupportModulesInManaged (6ms)
				SetLoadedEditorAssemblies (0ms)
				RefreshPlugins (0ms)
				BeforeProcessingInitializeOnLoad (59ms)
				ProcessInitializeOnLoadAttributes (237ms)
				ProcessInitializeOnLoadMethodAttributes (4ms)
				AfterProcessingInitializeOnLoad (11ms)
				EditorAssembliesLoaded (0ms)
			ExecutionOrderSort2 (0ms)
			AwakeInstancesAfterBackupRestoration (7ms)
Platform modules already initialized, skipping
Refreshing native plugins compatible for Editor in 0.37 ms, found 2 plugins.
Preloading 0 native plugins for Editor in 0.00 ms.
Unloading 1396 Unused Serialized files (Serialized files now loaded: 0)
System memory in use before: 68.3 MB.
System memory in use after: 68.4 MB.

Unloading 11 unused Assets to reduce memory usage. Loaded Objects now: 1887.
Total: 3.656800 ms (FindLiveObjects: 0.165800 ms CreateObjectMapping: 0.045200 ms MarkObjects: 3.428200 ms  DeleteObjects: 0.016400 ms)

AssetImportParameters requested are different than current active one (requested -> active):
  custom:framework-win-MediaFoundation: 216162199b28c13a410421893ffa2e32 -> 
  custom:video-decoder-ogg-theora: a1e56fd34408186e4bbccfd4996cb3dc -> 
  custom:container-muxer-webm: aa71ff27fc2769a1b78a27578f13a17b -> 
  custom:container-demuxer-webm: 4f35f7cbe854078d1ac9338744f61a02 -> 
  custom:container-demuxer-ogg: 62fdf1f143b41e24485cea50d1cbac27 -> 
  custom:video-encoder-webm-vp8: eb34c28f22e8b96e1ab97ce403110664 -> 
  custom:video-codec-MediaFoundation-h265: 746d11721c4dcdbdad8f713fa42b33f4 -> 
  custom:video-decoder-webm-vp8: 9c59270c3fd7afecdb556c50c9e8de78 -> 
  custom:audio-decoder-ogg-vorbis: bf7c407c2cedff20999df2af8eb42d56 -> 
  custom:audio-encoder-webm-vorbis: bf7c407c2cedff20999df2af8eb42d56 -> 
========================================================================
Received Import Request.
  Time since last request: 242.257510 seconds.
  path: Assets/Prefabs/Sphere.prefab
  artifactKey: Guid(a67d45a85aed34749988c252509e821e) Importer(815301076,1909f56bfc062723c751e8b465ee728b)
Start importing Assets/Prefabs/Sphere.prefab using Guid(a67d45a85aed34749988c252509e821e) Importer(815301076,1909f56bfc062723c751e8b465ee728b)  -> (artifact id: '225d43b6b683bfe5b2b2f7880f42a7f1') in 0.093797 seconds 
  Import took 0.099742 seconds .

========================================================================
Received Prepare
Registering precompiled user dll's ...
Registered in 0.005024 seconds.
Begin MonoManager ReloadAssembly
Native extension for WindowsStandalone target not found
Refreshing native plugins compatible for Editor in 0.30 ms, found 2 plugins.
Preloading 0 native plugins for Editor in 0.00 ms.
Mono: successfully reloaded assembly
- Completed reload, in  1.215 seconds
Domain Reload Profiling:
	ReloadAssembly (1215ms)
		BeginReloadAssembly (141ms)
			ExecutionOrderSort (0ms)
			DisableScriptedObjects (5ms)
			BackupInstance (0ms)
			ReleaseScriptingObjects (0ms)
			CreateAndSetChildDomain (42ms)
		EndReloadAssembly (974ms)
			LoadAssemblies (121ms)
			RebuildTransferFunctionScriptingTraits (0ms)
			SetupTypeCache (344ms)
			ReleaseScriptCaches (1ms)
			RebuildScriptCaches (48ms)
			SetupLoadedEditorAssemblies (350ms)
				LogAssemblyErrors (0ms)
				InitializePlatformSupportModulesInManaged (6ms)
				SetLoadedEditorAssemblies (0ms)
				RefreshPlugins (0ms)
				BeforeProcessingInitializeOnLoad (63ms)
				ProcessInitializeOnLoadAttributes (263ms)
				ProcessInitializeOnLoadMethodAttributes (5ms)
				AfterProcessingInitializeOnLoad (12ms)
				EditorAssembliesLoaded (0ms)
			ExecutionOrderSort2 (0ms)
			AwakeInstancesAfterBackupRestoration (9ms)
Platform modules already initialized, skipping
Refreshing native plugins compatible for Editor in 0.36 ms, found 2 plugins.
Preloading 0 native plugins for Editor in 0.00 ms.
Unloading 1396 Unused Serialized files (Serialized files now loaded: 0)
System memory in use before: 68.3 MB.
System memory in use after: 68.4 MB.

Unloading 11 unused Assets to reduce memory usage. Loaded Objects now: 1890.
Total: 4.126600 ms (FindLiveObjects: 0.216900 ms CreateObjectMapping: 0.045200 ms MarkObjects: 3.844700 ms  DeleteObjects: 0.018500 ms)

AssetImportParameters requested are different than current active one (requested -> active):
  custom:framework-win-MediaFoundation: 216162199b28c13a410421893ffa2e32 -> 
  custom:video-decoder-ogg-theora: a1e56fd34408186e4bbccfd4996cb3dc -> 
  custom:container-muxer-webm: aa71ff27fc2769a1b78a27578f13a17b -> 
  custom:container-demuxer-webm: 4f35f7cbe854078d1ac9338744f61a02 -> 
  custom:container-demuxer-ogg: 62fdf1f143b41e24485cea50d1cbac27 -> 
  custom:video-encoder-webm-vp8: eb34c28f22e8b96e1ab97ce403110664 -> 
  custom:video-codec-MediaFoundation-h265: 746d11721c4dcdbdad8f713fa42b33f4 -> 
  custom:video-decoder-webm-vp8: 9c59270c3fd7afecdb556c50c9e8de78 -> 
  custom:audio-decoder-ogg-vorbis: bf7c407c2cedff20999df2af8eb42d56 -> 
  custom:audio-encoder-webm-vorbis: bf7c407c2cedff20999df2af8eb42d56 -> 
========================================================================
Received Import Request.
  Time since last request: 45.188128 seconds.
  path: Assets/Scripts/DetectCollision.cs
  artifactKey: Guid(959f6ac2afdd3064a8f4a8b88e25d7ff) Importer(815301076,1909f56bfc062723c751e8b465ee728b)
Start importing Assets/Scripts/DetectCollision.cs using Guid(959f6ac2afdd3064a8f4a8b88e25d7ff) Importer(815301076,1909f56bfc062723c751e8b465ee728b)  -> (artifact id: 'b6b8250d0dbb9f6a4b518bbfd666b4a4') in 0.021518 seconds 
  Import took 0.024830 seconds .

========================================================================
Received Import Request.
  Time since last request: 35.514014 seconds.
  path: Assets/Scripts/DestroyOutOfBounds.cs
  artifactKey: Guid(10e6fb1d516943d4dbc95113d7c535dc) Importer(815301076,1909f56bfc062723c751e8b465ee728b)
Start importing Assets/Scripts/DestroyOutOfBounds.cs using Guid(10e6fb1d516943d4dbc95113d7c535dc) Importer(815301076,1909f56bfc062723c751e8b465ee728b)  -> (artifact id: '652318bd2aa7ac93a937a776779a63bb') in 0.010913 seconds 
  Import took 0.015478 seconds .

========================================================================
Received Import Request.
  Time since last request: 3.743986 seconds.
  path: Assets/Scripts/MoveForward.cs
  artifactKey: Guid(f1583e7127f475249ba9cc05932e5211) Importer(815301076,1909f56bfc062723c751e8b465ee728b)
Start importing Assets/Scripts/MoveForward.cs using Guid(f1583e7127f475249ba9cc05932e5211) Importer(815301076,1909f56bfc062723c751e8b465ee728b)  -> (artifact id: '31028a91d90587b6a2e0a5395cf05efc') in 0.013111 seconds 
  Import took 0.017405 seconds .

========================================================================
Received Import Request.
  Time since last request: 11.785834 seconds.
  path: Assets/Scripts/PlayerController.cs
  artifactKey: Guid(0cfd7a4f2069d5c47a1ffd776b79bb5f) Importer(815301076,1909f56bfc062723c751e8b465ee728b)
Start importing Assets/Scripts/PlayerController.cs using Guid(0cfd7a4f2069d5c47a1ffd776b79bb5f) Importer(815301076,1909f56bfc062723c751e8b465ee728b)  -> (artifact id: '9a524af48bcc1e5c17742fea4d53402e') in 0.008050 seconds 
  Import took 0.010864 seconds .

========================================================================
Received Import Request.
  Time since last request: 99.429872 seconds.
  path: Assets/Scenes/Escena 2.unity
  artifactKey: Guid(d75cc8b20e0e60a4e9b4ce274ba44249) Importer(815301076,1909f56bfc062723c751e8b465ee728b)
Start importing Assets/Scenes/Escena 2.unity using Guid(d75cc8b20e0e60a4e9b4ce274ba44249) Importer(815301076,1909f56bfc062723c751e8b465ee728b)  -> (artifact id: 'b40cdf6653892b7b90a0563cd96f6f2b') in 0.018589 seconds 
  Import took 0.049694 seconds .

========================================================================
Received Import Request.
  Time since last request: 0.691086 seconds.
  path: Assets/Scenes/Escena 1.unity
  artifactKey: Guid(055360294b7540946bbfca5f9378ee74) Importer(815301076,1909f56bfc062723c751e8b465ee728b)
Start importing Assets/Scenes/Escena 1.unity using Guid(055360294b7540946bbfca5f9378ee74) Importer(815301076,1909f56bfc062723c751e8b465ee728b)  -> (artifact id: '0b4eec6db296e39bae92bee32ea8cb5f') in 0.005529 seconds 
  Import took 0.009195 seconds .

========================================================================
Received Import Request.
  Time since last request: 24.184227 seconds.
  path: Assets/Scenes/Escena 2.unity
  artifactKey: Guid(d75cc8b20e0e60a4e9b4ce274ba44249) Importer(815301076,1909f56bfc062723c751e8b465ee728b)
Start importing Assets/Scenes/Escena 2.unity using Guid(d75cc8b20e0e60a4e9b4ce274ba44249) Importer(815301076,1909f56bfc062723c751e8b465ee728b)  -> (artifact id: '79b6ebb7e518c8b28432962748fcc374') in 0.005384 seconds 
  Import took 0.122846 seconds .

========================================================================
Received Import Request.
  Time since last request: 32.928075 seconds.
  path: Assets/Scenes/Escena 2.unity
  artifactKey: Guid(d75cc8b20e0e60a4e9b4ce274ba44249) Importer(815301076,1909f56bfc062723c751e8b465ee728b)
Start importing Assets/Scenes/Escena 2.unity using Guid(d75cc8b20e0e60a4e9b4ce274ba44249) Importer(815301076,1909f56bfc062723c751e8b465ee728b)  -> (artifact id: '70b8fce7d7b4a922e78aae7ce3274d5a') in 0.005844 seconds 
  Import took 0.023605 seconds .

========================================================================
Received Import Request.
  Time since last request: 68.186315 seconds.
  path: Assets/Scenes/Escena 2.unity
  artifactKey: Guid(d75cc8b20e0e60a4e9b4ce274ba44249) Importer(815301076,1909f56bfc062723c751e8b465ee728b)
Start importing Assets/Scenes/Escena 2.unity using Guid(d75cc8b20e0e60a4e9b4ce274ba44249) Importer(815301076,1909f56bfc062723c751e8b465ee728b)  -> (artifact id: '355a266a6880411897babd3b5b6d3074') in 0.006073 seconds 
  Import took 0.020980 seconds .

========================================================================
Received Import Request.
  Time since last request: 40.895543 seconds.
  path: Assets/Scenes/Escena 3.unity
  artifactKey: Guid(ba6d148dc0204a54abf9a256b806bd5f) Importer(815301076,1909f56bfc062723c751e8b465ee728b)
Start importing Assets/Scenes/Escena 3.unity using Guid(ba6d148dc0204a54abf9a256b806bd5f) Importer(815301076,1909f56bfc062723c751e8b465ee728b)  -> (artifact id: 'e4bd2778142d2c4ceb643defac63f712') in 0.014144 seconds 
  Import took 0.019474 seconds .

========================================================================
Received Import Request.
  Time since last request: 3.237815 seconds.
  path: Assets/Scenes/Escena 2.unity
  artifactKey: Guid(d75cc8b20e0e60a4e9b4ce274ba44249) Importer(815301076,1909f56bfc062723c751e8b465ee728b)
Start importing Assets/Scenes/Escena 2.unity using Guid(d75cc8b20e0e60a4e9b4ce274ba44249) Importer(815301076,1909f56bfc062723c751e8b465ee728b)  -> (artifact id: '3ce5002ba97cd1d51d33c2432f7d903a') in 0.005922 seconds 
  Import took 0.022673 seconds .

========================================================================
Received Import Request.
  Time since last request: 0.638431 seconds.
  path: Assets/Scenes/Escena 1.unity
  artifactKey: Guid(055360294b7540946bbfca5f9378ee74) Importer(815301076,1909f56bfc062723c751e8b465ee728b)
Start importing Assets/Scenes/Escena 1.unity using Guid(055360294b7540946bbfca5f9378ee74) Importer(815301076,1909f56bfc062723c751e8b465ee728b)  -> (artifact id: '74d867853d025cfc9e195894d841bfd1') in 0.008021 seconds 
  Import took 0.011398 seconds .

========================================================================
Received Import Request.
  Time since last request: 42.791575 seconds.
  path: Assets/Scenes/Escena 4.unity
  artifactKey: Guid(4b8a32e236ddf5044a0ae2049eacbf32) Importer(815301076,1909f56bfc062723c751e8b465ee728b)
Start importing Assets/Scenes/Escena 4.unity using Guid(4b8a32e236ddf5044a0ae2049eacbf32) Importer(815301076,1909f56bfc062723c751e8b465ee728b)  -> (artifact id: '293d7369661804182d769146c0462d59') in 0.012171 seconds 
  Import took 0.030583 seconds .

========================================================================
Received Import Request.
  Time since last request: 40.852199 seconds.
  path: Assets/Scenes/Escena 5.unity
  artifactKey: Guid(31e17dc62e4d12440b6cd98cd9b365cc) Importer(815301076,1909f56bfc062723c751e8b465ee728b)
Start importing Assets/Scenes/Escena 5.unity using Guid(31e17dc62e4d12440b6cd98cd9b365cc) Importer(815301076,1909f56bfc062723c751e8b465ee728b)  -> (artifact id: '719bc6c9c3c0c7307e618145fecfd184') in 0.012257 seconds 
  Import took 0.036876 seconds .

========================================================================
Received Import Request.
  Time since last request: 45.130536 seconds.
  path: Assets/Scenes/Escena 4.unity
  artifactKey: Guid(4b8a32e236ddf5044a0ae2049eacbf32) Importer(815301076,1909f56bfc062723c751e8b465ee728b)
Start importing Assets/Scenes/Escena 4.unity using Guid(4b8a32e236ddf5044a0ae2049eacbf32) Importer(815301076,1909f56bfc062723c751e8b465ee728b)  -> (artifact id: 'c1d69b7c3fa1d8ff058000867cc36f68') in 0.006533 seconds 
  Import took 0.033333 seconds .

========================================================================
Received Import Request.
  Time since last request: 9.572475 seconds.
  path: Assets/Scenes/Escena 3.unity
  artifactKey: Guid(ba6d148dc0204a54abf9a256b806bd5f) Importer(815301076,1909f56bfc062723c751e8b465ee728b)
Start importing Assets/Scenes/Escena 3.unity using Guid(ba6d148dc0204a54abf9a256b806bd5f) Importer(815301076,1909f56bfc062723c751e8b465ee728b)  -> (artifact id: 'dd469486f3a9562914e48ce689cbed63') in 0.008010 seconds 
  Import took 0.012440 seconds .

AssetImportWorkerClient::OnTransportError - code=2 error=End of file
